{"uuid":"c55f95f6-fe36-4aa5-a650-34561d0cefde","historyId":"388bbeee8eac7f5881dd1d5bf540077e","fullName":"src/test/resources/test.feature:16","labels":[{"name":"tag","value":"test"},{"name":"host","value":"BANU-MacBook-Pro.local"},{"name":"thread","value":"12792@BANU-MacBook-Pro.local.main(1)"},{"name":"feature","value":"User should be able to log in to website"},{"name":"story","value":"User enters valid username and valid password to log in"},{"name":"suite","value":"User should be able to log in to website"},{"name":"testClass","value":"User enters valid username and valid password to log in"},{"name":"framework","value":"cucumber4jvm"},{"name":"language","value":"java"},{"name":"gherkin_uri","value":"file:///Users/banuyurdakul/Desktop/allure_reports/src/test/resources/test.feature"},{"name":"package","value":"src.test.resources.test_feature.User should be able to log in to website"}],"links":[],"name":"User enters valid username and valid password to log in","status":"broken","statusDetails":{"known":false,"muted":false,"flaky":false,"message":"Keys to send should be a not null CharSequence","trace":"java.lang.IllegalArgumentException: Keys to send should be a not null CharSequence\n\tat org.openqa.selenium.remote.RemoteWebElement.sendKeys(RemoteWebElement.java:97)\n\tat java.base/jdk.internal.reflect.NativeMethodAccessorImpl.invoke0(Native Method)\n\tat java.base/jdk.internal.reflect.NativeMethodAccessorImpl.invoke(NativeMethodAccessorImpl.java:77)\n\tat java.base/jdk.internal.reflect.DelegatingMethodAccessorImpl.invoke(DelegatingMethodAccessorImpl.java:43)\n\tat java.base/java.lang.reflect.Method.invoke(Method.java:568)\n\tat org.openqa.selenium.support.pagefactory.internal.LocatingElementHandler.invoke(LocatingElementHandler.java:51)\n\tat jdk.proxy2/jdk.proxy2.$Proxy21.sendKeys(Unknown Source)\n\tat stepdefinitions.Step_Defs.user_tries_to_log_in_with_and(Step_Defs.java:36)\n\tat ✽.User tries to log in with <\"username\"> and <\"password\">(file:///Users/banuyurdakul/Desktop/allure_reports/src/test/resources/test.feature:9)\n"},"stage":"finished","steps":[{"name":"Given  User visit the website homepage","status":"passed","statusDetails":{"known":false,"muted":false,"flaky":false},"stage":"finished","steps":[],"attachments":[],"parameters":[],"start":1697795422692,"stop":1697795453294},{"name":"And  User navigates to automation exercise page","status":"passed","statusDetails":{"known":false,"muted":false,"flaky":false},"stage":"finished","steps":[],"attachments":[],"parameters":[],"start":1697795453294,"stop":1697795476035},{"name":"And  User click the login automation link","status":"passed","statusDetails":{"known":false,"muted":false,"flaky":false},"stage":"finished","steps":[],"attachments":[],"parameters":[],"start":1697795476035,"stop":1697795493611},{"name":"When  User tries to log in with <\"username\"> and <\"password\">","status":"broken","statusDetails":{"known":false,"muted":false,"flaky":false,"message":"Keys to send should be a not null CharSequence","trace":"java.lang.IllegalArgumentException: Keys to send should be a not null CharSequence\n\tat org.openqa.selenium.remote.RemoteWebElement.sendKeys(RemoteWebElement.java:97)\n\tat java.base/jdk.internal.reflect.NativeMethodAccessorImpl.invoke0(Native Method)\n\tat java.base/jdk.internal.reflect.NativeMethodAccessorImpl.invoke(NativeMethodAccessorImpl.java:77)\n\tat java.base/jdk.internal.reflect.DelegatingMethodAccessorImpl.invoke(DelegatingMethodAccessorImpl.java:43)\n\tat java.base/java.lang.reflect.Method.invoke(Method.java:568)\n\tat org.openqa.selenium.support.pagefactory.internal.LocatingElementHandler.invoke(LocatingElementHandler.java:51)\n\tat jdk.proxy2/jdk.proxy2.$Proxy21.sendKeys(Unknown Source)\n\tat stepdefinitions.Step_Defs.user_tries_to_log_in_with_and(Step_Defs.java:36)\n\tat ✽.User tries to log in with <\"username\"> and <\"password\">(file:///Users/banuyurdakul/Desktop/allure_reports/src/test/resources/test.feature:9)\n"},"stage":"finished","steps":[],"attachments":[],"parameters":[],"start":1697795493611,"stop":1697795493633},{"name":"Then  User confirms that login is succesful","status":"skipped","statusDetails":{"known":false,"muted":false,"flaky":false},"stage":"finished","steps":[],"attachments":[],"parameters":[],"start":1697795493634,"stop":1697795493634}],"attachments":[],"parameters":[{"name":"username","value":"validUsername"},{"name":"password","value":"unvalidPassword"}],"start":1697795422692,"stop":1697795494268}